[2022-07-27T12:40:48.878] [DEBUG] cheese - login => username:zs,password:123456
[2022-07-27T12:40:49.038] [DEBUG] cheese - zs
[2022-07-27T12:40:49.068] [DEBUG] cheese - { inspect: [Function: inspect] }
[2022-07-27T12:40:49.069] [DEBUG] cheese - 查询失败
[2022-07-27T12:41:20.687] [DEBUG] cheese - login => username:admin,password:123456
[2022-07-27T12:41:20.687] [DEBUG] cheese - admin
[2022-07-27T12:41:20.692] [DEBUG] cheese - { inspect: [Function: inspect] }
[2022-07-27T12:41:20.693] [DEBUG] cheese - 查询失败
[2022-07-27T12:47:17.352] [DEBUG] cheese - login => username:admin,password:123456
[2022-07-27T12:47:17.352] [DEBUG] cheese - admin
[2022-07-27T12:47:17.359] [DEBUG] cheese - null
[2022-07-27T12:47:17.360] [DEBUG] cheese - null
[2022-07-27T16:28:07.168] [DEBUG] cheese - login => username:hsdgs,password:sqjsggdtyadfwqtd
[2022-07-27T16:28:07.171] [DEBUG] cheese - hsdgs
[2022-07-27T16:28:07.210] [DEBUG] cheese - null
[2022-07-27T16:28:07.211] [DEBUG] cheese - null
[2022-07-27T16:29:56.081] [DEBUG] cheese - login => username:admin,password:123456
[2022-07-27T16:29:56.081] [DEBUG] cheese - admin
[2022-07-27T16:29:56.086] [DEBUG] cheese - null
[2022-07-27T16:29:56.086] [DEBUG] cheese - null
[2022-07-27T16:33:20.129] [DEBUG] cheese - login => username:wyq,password:safgsrtjDewq
[2022-07-27T16:33:20.129] [DEBUG] cheese - wyq
[2022-07-27T16:33:20.132] [DEBUG] cheese - null
[2022-07-27T16:33:20.132] [DEBUG] cheese - null
[2022-07-27T16:33:27.876] [DEBUG] cheese - login => username:admin,password:123456
[2022-07-27T16:33:27.876] [DEBUG] cheese - admin
[2022-07-27T16:33:27.879] [DEBUG] cheese - null
[2022-07-27T16:33:27.879] [DEBUG] cheese - null
[2022-07-27T16:40:32.963] [DEBUG] cheese - login => username:admin,password:123456
[2022-07-27T16:40:32.963] [DEBUG] cheese - admin
[2022-07-27T16:40:32.966] [DEBUG] cheese - null
[2022-07-27T16:40:32.966] [DEBUG] cheese - null
[2022-07-27T16:42:38.020] [DEBUG] cheese - login => username:admin,password:123456
[2022-07-27T16:42:38.020] [DEBUG] cheese - admin
[2022-07-27T16:42:38.022] [DEBUG] cheese - null
[2022-07-27T16:42:38.022] [DEBUG] cheese - null
[2022-07-27T17:28:59.882] [DEBUG] cheese - login => username:admin,password:123456
[2022-07-27T17:28:59.882] [DEBUG] cheese - admin
[2022-07-27T17:28:59.919] [DEBUG] cheese - null
[2022-07-27T17:28:59.919] [DEBUG] cheese - null
[2022-07-27T17:39:30.792] [DEBUG] cheese - login => username:admin,password:123456
[2022-07-27T17:39:30.792] [DEBUG] cheese - admin
[2022-07-27T17:39:30.796] [DEBUG] cheese - null
[2022-07-27T17:39:30.796] [DEBUG] cheese - null
[2022-07-28T08:59:16.504] [DEBUG] cheese - login => username:admin,password:123456
[2022-07-28T08:59:16.509] [DEBUG] cheese - admin
[2022-07-28T08:59:16.576] [DEBUG] cheese - null
[2022-07-28T08:59:16.577] [DEBUG] cheese - null
[2022-07-28T10:13:10.536] [DEBUG] cheese - login => username:admin,password:123456
[2022-07-28T10:13:10.544] [DEBUG] cheese - admin
[2022-07-28T10:13:10.564] [DEBUG] cheese - null
[2022-07-28T10:13:10.565] [DEBUG] cheese - null
[2022-07-28T10:31:39.188] [DEBUG] cheese - login => username:admin,password:123456
[2022-07-28T10:31:39.189] [DEBUG] cheese - admin
[2022-07-28T10:31:39.191] [DEBUG] cheese - null
[2022-07-28T10:31:39.191] [DEBUG] cheese - null
[2022-07-28T10:37:56.526] [DEBUG] cheese - login => username:admin,password:123456
[2022-07-28T10:37:56.527] [DEBUG] cheese - admin
[2022-07-28T10:37:56.528] [DEBUG] cheese - null
[2022-07-28T10:37:56.528] [DEBUG] cheese - null
[2022-07-28T15:42:17.550] [DEBUG] cheese - login => username:admin,password:123456
[2022-07-28T15:42:17.553] [DEBUG] cheese - admin
[2022-07-28T15:42:17.592] [DEBUG] cheese - null
[2022-07-28T15:42:17.592] [DEBUG] cheese - null
[2022-07-29T08:49:41.194] [DEBUG] cheese - login => username:admin,password:123456
[2022-07-29T08:49:41.196] [DEBUG] cheese - admin
[2022-07-29T08:49:41.238] [DEBUG] cheese - null
[2022-07-29T08:49:41.239] [DEBUG] cheese - null
[2022-07-29T10:07:53.628] [DEBUG] cheese - login => username:admin,password:123456
[2022-07-29T10:07:53.629] [DEBUG] cheese - admin
[2022-07-29T10:07:53.632] [DEBUG] cheese - null
[2022-07-29T10:07:53.632] [DEBUG] cheese - null
[2022-07-29T10:15:13.564] [DEBUG] cheese - login => username:admin,password:123456
[2022-07-29T10:15:13.565] [DEBUG] cheese - admin
[2022-07-29T10:15:13.566] [DEBUG] cheese - null
[2022-07-29T10:15:13.566] [DEBUG] cheese - null
[2022-07-29T10:19:09.575] [DEBUG] cheese - login => username:admin,password:123456
[2022-07-29T10:19:09.575] [DEBUG] cheese - admin
[2022-07-29T10:19:09.577] [DEBUG] cheese - null
[2022-07-29T10:19:09.577] [DEBUG] cheese - null
[2022-07-29T15:09:12.983] [DEBUG] cheese - login => username:admin,password:123456
[2022-07-29T15:09:12.984] [DEBUG] cheese - admin
[2022-07-29T15:09:13.030] [DEBUG] cheese - null
[2022-07-29T15:09:13.031] [DEBUG] cheese - null
[2022-07-29T15:46:27.364] [DEBUG] cheese - login => username:admin,password:123456
[2022-07-29T15:46:27.367] [DEBUG] cheese - admin
[2022-07-29T15:46:27.397] [DEBUG] cheese - null
[2022-07-29T15:46:27.398] [DEBUG] cheese - null
[2022-07-29T17:57:05.826] [DEBUG] cheese - null
[2022-07-29T17:59:16.234] [DEBUG] cheese - null
[2022-07-29T17:59:19.524] [DEBUG] cheese - null
[2022-08-01T09:20:12.143] [DEBUG] cheese - login => username:admin,password:123456
[2022-08-01T09:20:12.146] [DEBUG] cheese - admin
[2022-08-01T09:20:12.187] [DEBUG] cheese - null
[2022-08-01T09:20:12.187] [DEBUG] cheese - null
[2022-08-01T10:07:16.681] [DEBUG] cheese - login => username:admin,password:123456
[2022-08-01T10:07:16.681] [DEBUG] cheese - admin
[2022-08-01T10:07:16.753] [DEBUG] cheese - null
[2022-08-01T10:07:16.753] [DEBUG] cheese - null
[2022-08-01T11:16:01.799] [DEBUG] cheese - login => username:admin,password:123456
[2022-08-01T11:16:01.814] [DEBUG] cheese - admin
[2022-08-01T11:16:01.827] [DEBUG] cheese - null
[2022-08-01T11:16:01.828] [DEBUG] cheese - null
[2022-08-01T14:36:01.488] [DEBUG] cheese - login => username:admin,password:123456
[2022-08-01T14:36:01.493] [DEBUG] cheese - admin
[2022-08-01T14:36:01.522] [DEBUG] cheese - null
[2022-08-01T14:36:01.522] [DEBUG] cheese - null
[2022-08-01T17:01:41.385] [DEBUG] cheese - login => username:admin,password:123456
[2022-08-01T17:01:41.389] [DEBUG] cheese - admin
[2022-08-01T17:01:41.393] [DEBUG] cheese - null
[2022-08-01T17:01:41.394] [DEBUG] cheese - null
[2022-08-02T09:05:00.611] [DEBUG] cheese - login => username:admin,password:123456
[2022-08-02T09:05:00.613] [DEBUG] cheese - admin
[2022-08-02T09:05:00.641] [DEBUG] cheese - null
[2022-08-02T09:05:00.642] [DEBUG] cheese - null
[2022-08-02T14:47:23.386] [DEBUG] cheese - login => username:admin,password:123456
[2022-08-02T14:47:23.388] [DEBUG] cheese - admin
[2022-08-02T14:47:23.423] [DEBUG] cheese - null
[2022-08-02T14:47:23.424] [DEBUG] cheese - null
[2022-08-02T16:12:05.790] [DEBUG] cheese - login => username:admin,password:123456
[2022-08-02T16:12:05.794] [DEBUG] cheese - admin
[2022-08-02T16:12:05.799] [DEBUG] cheese - null
[2022-08-02T16:12:05.800] [DEBUG] cheese - null
[2022-08-03T09:10:13.873] [DEBUG] cheese - login => username:admin,password:123456
[2022-08-03T09:10:13.905] [DEBUG] cheese - admin
[2022-08-03T09:10:13.925] [DEBUG] cheese - null
[2022-08-03T09:10:13.926] [DEBUG] cheese - null
[2022-08-03T15:21:44.994] [DEBUG] cheese - login => username:admin,password:123456
[2022-08-03T15:21:45.031] [DEBUG] cheese - admin
[2022-08-03T15:21:45.103] [DEBUG] cheese - null
[2022-08-03T15:21:45.104] [DEBUG] cheese - null
[2022-08-03T15:36:37.025] [DEBUG] cheese - null
[2022-08-03T16:47:04.419] [DEBUG] cheese - login => username:admin,password:123456
[2022-08-03T16:47:04.425] [DEBUG] cheese - admin
[2022-08-03T16:47:04.540] [DEBUG] cheese - null
[2022-08-03T16:47:04.541] [DEBUG] cheese - null
[2022-08-03T17:39:49.901] [DEBUG] cheese - login => username:admin,password:123456
[2022-08-03T17:39:49.916] [DEBUG] cheese - admin
[2022-08-03T17:39:49.926] [DEBUG] cheese - null
[2022-08-03T17:39:49.927] [DEBUG] cheese - null
[2022-08-04T09:39:22.691] [DEBUG] cheese - login => username:admin,password:123456
[2022-08-04T09:39:22.712] [DEBUG] cheese - admin
[2022-08-04T09:39:22.941] [DEBUG] cheese - null
[2022-08-04T09:39:22.944] [DEBUG] cheese - null
[2022-08-05T09:56:14.282] [DEBUG] cheese - login => username:admin,password:123456I
[2022-08-05T09:56:14.305] [DEBUG] cheese - admin
[2022-08-05T09:56:14.413] [DEBUG] cheese - null
[2022-08-05T09:56:14.414] [DEBUG] cheese - null
[2022-08-05T09:56:26.813] [DEBUG] cheese - login => username:admin,password:123456
[2022-08-05T09:56:26.813] [DEBUG] cheese - admin
[2022-08-05T09:56:26.816] [DEBUG] cheese - null
[2022-08-05T09:56:26.816] [DEBUG] cheese - null
[2022-08-05T10:00:32.035] [DEBUG] cheese - login => username:admin,password:123456
[2022-08-05T10:00:32.036] [DEBUG] cheese - admin
[2022-08-05T10:00:32.038] [DEBUG] cheese - null
[2022-08-05T10:00:32.039] [DEBUG] cheese - null
[2022-08-05T10:01:51.394] [DEBUG] cheese - login => username:admin,password:123456
[2022-08-05T10:01:51.394] [DEBUG] cheese - admin
[2022-08-05T10:01:51.396] [DEBUG] cheese - null
[2022-08-05T10:01:51.396] [DEBUG] cheese - null
[2022-08-05T10:25:23.386] [DEBUG] cheese - login => username:admin,password:123456
[2022-08-05T10:25:23.409] [DEBUG] cheese - admin
[2022-08-05T10:25:23.646] [DEBUG] cheese - null
[2022-08-05T10:25:23.647] [DEBUG] cheese - null
